<?xml version="1.0" encoding="UTF-8"?>
<!-- Generated by org.testng.reporters.JUnitXMLReporter -->
<testsuite hostname="IP-AC1F409A" ignored="0" name="Test" tests="4" failures="0" timestamp="2023-08-19T16:41:12 UTC" time="32.159" errors="0">
  <testcase name="testRegistration" time="6.601" classname="tests.OnlineShoppingTests"/>
  <testcase name="testLogin" time="2.681" classname="tests.OnlineShoppingTests"/>
  <testcase name="testCart" time="3.611" classname="tests.OnlineShoppingTests"/>
  <testcase name="testPayment" time="10.682" classname="tests.OnlineShoppingTests"/>
</testsuite> <!-- Test -->
