<?xml version="1.0" encoding="UTF-8"?>
<testsuite name="TestSuite" time="23.603" tests="4" errors="0" skipped="0" failures="0">
  <properties>
[...]
</properties>
  <testcase name="testRegistration" classname="tests.OnlineShoppingTests" time="6.604"/>
  <testcase name="testLogin" classname="tests.OnlineShoppingTests" time="2.685"/>
  <testcase name="testCart" classname="tests.OnlineShoppingTests" time="3.613"/>
  <testcase name="testPayment" classname="tests.OnlineShoppingTests" time="10.701"/>
</testsuite>