<?xml version="1.0" encoding="UTF-8"?>
<testng-results skipped="0" failed="0" ignored="0" total="4" passed="4">
  <reporter-output>
  </reporter-output>
  <suite name="Suite" duration-ms="32159" started-at="2023-08-19T16:40:39 UTC" finished-at="2023-08-19T16:41:12 UTC">
    <groups>
    </groups>
    <test name="Test" duration-ms="32159" started-at="2023-08-19T16:40:39 UTC" finished-at="2023-08-19T16:41:12 UTC">
      <class name="tests.OnlineShoppingTests">
        <test-method status="PASS" signature="startReportBeforeTest()[pri:0, instance:tests.OnlineShoppingTests@548a9f61]" name="startReportBeforeTest" is-config="true" duration-ms="6606" started-at="2023-08-19T16:40:39 UTC" finished-at="2023-08-19T16:40:46 UTC">
          <reporter-output>
          </reporter-output>
        </test-method> <!-- startReportBeforeTest -->
        <test-method status="PASS" signature="testRegistration()[pri:1, instance:tests.OnlineShoppingTests@548a9f61]" name="testRegistration" duration-ms="6601" started-at="2023-08-19T16:40:46 UTC" finished-at="2023-08-19T16:40:53 UTC">
          <reporter-output>
          </reporter-output>
        </test-method> <!-- testRegistration -->
        <test-method status="PASS" signature="getResultAfterMethod(org.testng.ITestResult)[pri:0, instance:tests.OnlineShoppingTests@548a9f61]" name="getResultAfterMethod" is-config="true" duration-ms="17" started-at="2023-08-19T16:40:53 UTC" finished-at="2023-08-19T16:40:53 UTC">
          <params>
            <param index="0">
              <value>
                <![CDATA[[TestResult name=testRegistration status=SUCCESS method=OnlineShoppingTests.testRegistration()[pri:1, instance:tests.OnlineShoppingTests@548a9f61] output={null}]]]>
              </value>
            </param>
          </params>
          <reporter-output>
          </reporter-output>
        </test-method> <!-- getResultAfterMethod -->
        <test-method status="PASS" signature="testLogin()[pri:2, instance:tests.OnlineShoppingTests@548a9f61]" name="testLogin" duration-ms="2681" started-at="2023-08-19T16:40:53 UTC" finished-at="2023-08-19T16:40:55 UTC">
          <reporter-output>
          </reporter-output>
        </test-method> <!-- testLogin -->
        <test-method status="PASS" signature="getResultAfterMethod(org.testng.ITestResult)[pri:0, instance:tests.OnlineShoppingTests@548a9f61]" name="getResultAfterMethod" is-config="true" duration-ms="1" started-at="2023-08-19T16:40:55 UTC" finished-at="2023-08-19T16:40:55 UTC">
          <params>
            <param index="0">
              <value>
                <![CDATA[[TestResult name=testLogin status=SUCCESS method=OnlineShoppingTests.testLogin()[pri:2, instance:tests.OnlineShoppingTests@548a9f61] output={null}]]]>
              </value>
            </param>
          </params>
          <reporter-output>
          </reporter-output>
        </test-method> <!-- getResultAfterMethod -->
        <test-method status="PASS" signature="testCart()[pri:3, instance:tests.OnlineShoppingTests@548a9f61]" name="testCart" duration-ms="3611" started-at="2023-08-19T16:40:55 UTC" finished-at="2023-08-19T16:40:59 UTC">
          <reporter-output>
          </reporter-output>
        </test-method> <!-- testCart -->
        <test-method status="PASS" signature="getResultAfterMethod(org.testng.ITestResult)[pri:0, instance:tests.OnlineShoppingTests@548a9f61]" name="getResultAfterMethod" is-config="true" duration-ms="1" started-at="2023-08-19T16:40:59 UTC" finished-at="2023-08-19T16:40:59 UTC">
          <params>
            <param index="0">
              <value>
                <![CDATA[[TestResult name=testCart status=SUCCESS method=OnlineShoppingTests.testCart()[pri:3, instance:tests.OnlineShoppingTests@548a9f61] output={null}]]]>
              </value>
            </param>
          </params>
          <reporter-output>
          </reporter-output>
        </test-method> <!-- getResultAfterMethod -->
        <test-method status="PASS" signature="testPayment()[pri:4, instance:tests.OnlineShoppingTests@548a9f61]" name="testPayment" duration-ms="10682" started-at="2023-08-19T16:40:59 UTC" finished-at="2023-08-19T16:41:10 UTC">
          <reporter-output>
          </reporter-output>
        </test-method> <!-- testPayment -->
        <test-method status="PASS" signature="getResultAfterMethod(org.testng.ITestResult)[pri:0, instance:tests.OnlineShoppingTests@548a9f61]" name="getResultAfterMethod" is-config="true" duration-ms="16" started-at="2023-08-19T16:41:10 UTC" finished-at="2023-08-19T16:41:10 UTC">
          <params>
            <param index="0">
              <value>
                <![CDATA[[TestResult name=testPayment status=SUCCESS method=OnlineShoppingTests.testPayment()[pri:4, instance:tests.OnlineShoppingTests@548a9f61] output={null}]]]>
              </value>
            </param>
          </params>
          <reporter-output>
          </reporter-output>
        </test-method> <!-- getResultAfterMethod -->
        <test-method status="PASS" signature="endReportAfterTest()[pri:0, instance:tests.OnlineShoppingTests@548a9f61]" name="endReportAfterTest" is-config="true" duration-ms="1786" started-at="2023-08-19T16:41:10 UTC" finished-at="2023-08-19T16:41:12 UTC">
          <reporter-output>
          </reporter-output>
        </test-method> <!-- endReportAfterTest -->
      </class> <!-- tests.OnlineShoppingTests -->
    </test> <!-- Test -->
  </suite> <!-- Suite -->
</testng-results>
